<?xml version="1.0" encoding="UTF-8"?>
<!-- Generated by org.testng.reporters.JUnitReportReporter -->
<testsuite hostname="DESKTOP-4M1O2A0" failures="0" tests="2" name="TestNGPractice.Anotations" time="0.008" errors="0" timestamp="2024-04-20T17:13:32 IST" skipped="0">
  <testcase classname="TestNGPractice.Anotations" name="Priority" time="0.007"/>
  <system-out/>
  <testcase classname="TestNGPractice.Anotations" name="First" time="0.001"/>
  <system-out/>
</testsuite> <!-- TestNGPractice.Anotations -->
